{"contracts/BTCRelay.sol":{"l":{},"path":"/home/tjaden/BTCRelay-Solidity/contracts/BTCRelay.sol","s":{},"b":{},"f":{"1":0,"2":0,"3":0,"4":1,"5":0},"fnMap":{"1":{"name":"storeBlockHeader","line":18,"loc":{"start":{"line":18,"column":2},"end":{"line":18,"column":40}}},"2":{"name":"computeMerkle","line":22,"loc":{"start":{"line":22,"column":2},"end":{"line":22,"column":107}}},"3":{"name":"targetFromBits","line":26,"loc":{"start":{"line":26,"column":2},"end":{"line":26,"column":68}}},"4":{"name":"flip32","line":29,"loc":{"start":{"line":29,"column":2},"end":{"line":29,"column":49}}},"5":{"name":"dblShaFlip","line":32,"loc":{"start":{"line":32,"column":2},"end":{"line":32,"column":55}}}},"statementMap":{},"branchMap":{}}}